<?xml version="1.0" encoding="UTF-8"?>
<!-- Generated by org.testng.reporters.JUnitReportReporter -->
<testsuite hostname="CHAITUVINI" failures="0" tests="1" name="com.Jenkkins.DemoTest3" time="0.013" errors="0" timestamp="2023-01-10T23:22:15 IST" skipped="0">
  <testcase classname="com.Jenkkins.DemoTest3" name="m3" time="0.013"/>
  <system-out>
    <![CDATA[hieeeeee]]>
  </system-out>
</testsuite> <!-- com.Jenkkins.DemoTest3 -->
