<?xml version="1.0" encoding="UTF-8"?>
<!-- Generated by org.testng.reporters.JUnitReportReporter -->
<testsuite hostname="CHAITUVINI" failures="0" tests="1" name="com.Jenkkins.DemoTest1" time="0.005" errors="0" timestamp="2023-01-10T23:22:15 IST" skipped="0">
  <testcase classname="com.Jenkkins.DemoTest1" name="m1" time="0.005"/>
  <system-out>
    <![CDATA[hello]]>
  </system-out>
</testsuite> <!-- com.Jenkkins.DemoTest1 -->
