<?xml version="1.0" encoding="UTF-8"?>
<!-- Generated by org.testng.reporters.JUnitReportReporter -->
<testsuite hostname="CHAITUVINI" failures="0" tests="1" name="com.Jenkkins.DemoTest2" time="0.030" errors="0" timestamp="2023-01-10T23:22:15 IST" skipped="0">
  <testcase classname="com.Jenkkins.DemoTest2" name="m2" time="0.030"/>
  <system-out>
    <![CDATA[m2 running
hello hiee]]>
  </system-out>
</testsuite> <!-- com.Jenkkins.DemoTest2 -->
